{"driver":true,"name":"MongoError","index":0,"code":11000,"keyPattern":{"phone":1},"keyValue":{"phone":"01518329044"},"level":"error","service":"doctor-service"}
{"driver":true,"name":"MongoError","index":0,"code":11000,"keyPattern":{"phone":1},"keyValue":{"phone":"01518329044"},"level":"error","service":"doctor-service"}
{"level":"error","service":"doctor-service"}
{"code":"ERR_HTTP_HEADERS_SENT","level":"error","service":"doctor-service"}
{"code":"ERR_HTTP_HEADERS_SENT","level":"error","service":"doctor-service"}
{"code":"ERR_HTTP_HEADERS_SENT","level":"error","service":"doctor-service"}
{"errors":{"tag_id":{"stringValue":"\"m-yt\"","valueType":"string","kind":"Number","value":"m-yt","path":"tag_id","reason":{"generatedMessage":true,"code":"ERR_ASSERTION","actual":false,"expected":true,"operator":"=="},"name":"CastError","message":"Cast to Number failed for value \"m-yt\" (type string) at path \"tag_id\""}},"_message":"Tag validation failed","level":"error","service":"doctor-service","name":"ValidationError","message":"Tag validation failed: tag_id: Cast to Number failed for value \"m-yt\" (type string) at path \"tag_id\""}
{"stringValue":"\"undefined\"","valueType":"string","kind":"ObjectId","value":"undefined","path":"_id","reason":{},"name":"CastError","message":"Cast to ObjectId failed for value \"undefined\" (type string) at path \"_id\" for model \"Category\""}
{"stringValue":"\"undefined\"","valueType":"string","kind":"ObjectId","value":"undefined","path":"_id","reason":{},"name":"CastError","message":"Cast to ObjectId failed for value \"undefined\" (type string) at path \"_id\" for model \"Category\""}
{"stringValue":"\"undefined\"","valueType":"string","kind":"ObjectId","value":"undefined","path":"_id","reason":{},"name":"CastError","message":"Cast to ObjectId failed for value \"undefined\" (type string) at path \"_id\" for model \"Category\""}
{"level":"error","service":"doctor-service"}
{"level":"error","service":"doctor-service"}
{"level":"error","service":"doctor-service"}
{"level":"error","service":"doctor-service"}
{"level":"error","service":"doctor-service"}
{"level":"error","service":"doctor-service"}
{"ok":0,"code":14,"codeName":"TypeMismatch","name":"MongoError","level":"error","service":"doctor-service"}
{"ok":0,"code":14,"codeName":"TypeMismatch","name":"MongoError","level":"error","service":"doctor-service"}
{"ok":0,"code":14,"codeName":"TypeMismatch","name":"MongoError","level":"error","service":"doctor-service"}
{"code":"ERR_INVALID_ARG_TYPE","level":"error","service":"doctor-service"}
{"message":"Missing required parameter - file","name":"Error","http_code":400,"level":"error","service":"doctor-service"}
{"message":{"error":{"errno":-3008,"code":"ENOTFOUND","syscall":"getaddrinfo","hostname":"api.cloudinary.com"}},"level":"error","service":"doctor-service"}
{"message":{"error":{"errno":-3008,"code":"ENOTFOUND","syscall":"getaddrinfo","hostname":"api.cloudinary.com"}},"level":"error","service":"doctor-service"}
{"message":{"error":{"errno":-3008,"code":"ENOTFOUND","syscall":"getaddrinfo","hostname":"api.cloudinary.com"}},"level":"error","service":"doctor-service"}
{"message":{"error":{"errno":-3008,"code":"ENOTFOUND","syscall":"getaddrinfo","hostname":"api.cloudinary.com"}},"level":"error","service":"doctor-service"}
{"message":{"error":{"errno":-3008,"code":"ENOTFOUND","syscall":"getaddrinfo","hostname":"api.cloudinary.com"}},"level":"error","service":"doctor-service"}
{"message":{"error":{"errno":-3008,"code":"ENOTFOUND","syscall":"getaddrinfo","hostname":"api.cloudinary.com"}},"level":"error","service":"doctor-service"}
{"message":{"error":{"message":"Request Timeout","http_code":499,"name":"TimeoutError"}},"level":"error","service":"doctor-service"}
{"errors":{"price":{"stringValue":"\"vdvd\"","valueType":"string","kind":"Number","value":"vdvd","path":"price","reason":{"generatedMessage":true,"code":"ERR_ASSERTION","actual":false,"expected":true,"operator":"=="},"name":"CastError","message":"Cast to Number failed for value \"vdvd\" (type string) at path \"price\""},"discount":{"stringValue":"\"dvdv\"","valueType":"string","kind":"Number","value":"dvdv","path":"discount","reason":{"generatedMessage":true,"code":"ERR_ASSERTION","actual":false,"expected":true,"operator":"=="},"name":"CastError","message":"Cast to Number failed for value \"dvdv\" (type string) at path \"discount\""}},"_message":"Product validation failed","level":"error","service":"doctor-service","name":"ValidationError","message":"Product validation failed: price: Cast to Number failed for value \"vdvd\" (type string) at path \"price\", discount: Cast to Number failed for value \"dvdv\" (type string) at path \"discount\""}
{"errors":{"price":{"stringValue":"\"vdvd\"","valueType":"string","kind":"Number","value":"vdvd","path":"price","reason":{"generatedMessage":true,"code":"ERR_ASSERTION","actual":false,"expected":true,"operator":"=="},"name":"CastError","message":"Cast to Number failed for value \"vdvd\" (type string) at path \"price\""},"discount":{"stringValue":"\"dvdv\"","valueType":"string","kind":"Number","value":"dvdv","path":"discount","reason":{"generatedMessage":true,"code":"ERR_ASSERTION","actual":false,"expected":true,"operator":"=="},"name":"CastError","message":"Cast to Number failed for value \"dvdv\" (type string) at path \"discount\""}},"_message":"Product validation failed","level":"error","service":"doctor-service","name":"ValidationError","message":"Product validation failed: price: Cast to Number failed for value \"vdvd\" (type string) at path \"price\", discount: Cast to Number failed for value \"dvdv\" (type string) at path \"discount\""}
{"errors":{"price":{"stringValue":"\"vdvd\"","valueType":"string","kind":"Number","value":"vdvd","path":"price","reason":{"generatedMessage":true,"code":"ERR_ASSERTION","actual":false,"expected":true,"operator":"=="},"name":"CastError","message":"Cast to Number failed for value \"vdvd\" (type string) at path \"price\""},"discount":{"stringValue":"\"dvdv\"","valueType":"string","kind":"Number","value":"dvdv","path":"discount","reason":{"generatedMessage":true,"code":"ERR_ASSERTION","actual":false,"expected":true,"operator":"=="},"name":"CastError","message":"Cast to Number failed for value \"dvdv\" (type string) at path \"discount\""}},"_message":"Product validation failed","level":"error","service":"doctor-service","name":"ValidationError","message":"Product validation failed: price: Cast to Number failed for value \"vdvd\" (type string) at path \"price\", discount: Cast to Number failed for value \"dvdv\" (type string) at path \"discount\""}
{"errors":{"price":{"stringValue":"\"vdvd\"","valueType":"string","kind":"Number","value":"vdvd","path":"price","reason":{"generatedMessage":true,"code":"ERR_ASSERTION","actual":false,"expected":true,"operator":"=="},"name":"CastError","message":"Cast to Number failed for value \"vdvd\" (type string) at path \"price\""},"discount":{"stringValue":"\"dvdv\"","valueType":"string","kind":"Number","value":"dvdv","path":"discount","reason":{"generatedMessage":true,"code":"ERR_ASSERTION","actual":false,"expected":true,"operator":"=="},"name":"CastError","message":"Cast to Number failed for value \"dvdv\" (type string) at path \"discount\""}},"_message":"Product validation failed","level":"error","service":"doctor-service","name":"ValidationError","message":"Product validation failed: price: Cast to Number failed for value \"vdvd\" (type string) at path \"price\", discount: Cast to Number failed for value \"dvdv\" (type string) at path \"discount\""}
{"errors":{"price":{"stringValue":"\"vdvd\"","valueType":"string","kind":"Number","value":"vdvd","path":"price","reason":{"generatedMessage":true,"code":"ERR_ASSERTION","actual":false,"expected":true,"operator":"=="},"name":"CastError","message":"Cast to Number failed for value \"vdvd\" (type string) at path \"price\""},"discount":{"stringValue":"\"dvdv\"","valueType":"string","kind":"Number","value":"dvdv","path":"discount","reason":{"generatedMessage":true,"code":"ERR_ASSERTION","actual":false,"expected":true,"operator":"=="},"name":"CastError","message":"Cast to Number failed for value \"dvdv\" (type string) at path \"discount\""}},"_message":"Product validation failed","level":"error","service":"doctor-service","name":"ValidationError","message":"Product validation failed: price: Cast to Number failed for value \"vdvd\" (type string) at path \"price\", discount: Cast to Number failed for value \"dvdv\" (type string) at path \"discount\""}
{"errors":{"price":{"stringValue":"\"fdf\"","valueType":"string","kind":"Number","value":"fdf","path":"price","reason":{"generatedMessage":true,"code":"ERR_ASSERTION","actual":false,"expected":true,"operator":"=="},"name":"CastError","message":"Cast to Number failed for value \"fdf\" (type string) at path \"price\""},"discount":{"stringValue":"\"fdf\"","valueType":"string","kind":"Number","value":"fdf","path":"discount","reason":{"generatedMessage":true,"code":"ERR_ASSERTION","actual":false,"expected":true,"operator":"=="},"name":"CastError","message":"Cast to Number failed for value \"fdf\" (type string) at path \"discount\""}},"_message":"Product validation failed","level":"error","service":"doctor-service","name":"ValidationError","message":"Product validation failed: price: Cast to Number failed for value \"fdf\" (type string) at path \"price\", discount: Cast to Number failed for value \"fdf\" (type string) at path \"discount\""}
{"stringValue":"\"3333\"","valueType":"string","kind":"ObjectId","value":"3333","path":"_id","reason":{},"name":"CastError","message":"Cast to ObjectId failed for value \"3333\" (type string) at path \"_id\" for model \"Product\""}
{"level":"error","service":"doctor-service"}
{"level":"error","service":"doctor-service"}
